<?xml version="1.0" encoding="UTF-8"?>
<testsuite name="RecipesApplicationTest" tests="1" skipped="0" failures="0" errors="0" timestamp="2026-04-29T13:54:28.259Z" hostname="MOHAIBRA" time="27.86">
  <properties/>
  <testcase name="start" classname="RecipesApplicationTest" time="27.86"/>
  <system-out><![CDATA[?[1;31m
Start test 1?[0m
?[0;34m
?[0m?[0;34m  .   ____          _            __ _ _
?[0m?[0;34m /\\ / ___'_ __ _ _(_)_ __  __ _ \ \ \ \
?[0m?[0;34m( ( )\___ | '_ | '_| | '_ \/ _` | \ \ \ \
?[0m?[0;34m \\/  ___)| |_)| | | | | || (_| |  ) ) ) )
?[0m?[0;34m  '  |____| .__|_| |_|_| |_\__, | / / / /
?[0m?[0;34m =========|_|==============|___/=/_/_/_/
?[0m?[0;34m
?[0m?[0;34m :: Spring Boot ::                (v3.5.9)
?[0m?[0;34m
?[0m?[0;34m2026-04-29T15:54:30.042+02:00  INFO 16584 --- [    Test worker] recipes.RecipesApplication               : Starting RecipesApplication using Java 23.0.2 with PID 16584 (started by 32492 in C:\Users\32492\IdeaProjects\Recipe Management System\Recipe Management System\task)
?[0m?[0;34m2026-04-29T15:54:30.053+02:00  INFO 16584 --- [    Test worker] recipes.RecipesApplication               : No active profile set, falling back to 1 default profile: "default"
?[0m?[0;34m2026-04-29T15:54:32.400+02:00  INFO 16584 --- [    Test worker] .s.d.r.c.RepositoryConfigurationDelegate : Bootstrapping Spring Data JPA repositories in DEFAULT mode.
?[0m?[0;34m2026-04-29T15:54:32.523+02:00  INFO 16584 --- [    Test worker] .s.d.r.c.RepositoryConfigurationDelegate : Finished Spring Data repository scanning in 102 ms. Found 1 JPA repository interface.
?[0m?[0;34m2026-04-29T15:54:33.617+02:00  INFO 16584 --- [    Test worker] o.s.b.w.embedded.tomcat.TomcatWebServer  : Tomcat initialized with port 8881 (http)
?[0m?[0;34m2026-04-29T15:54:33.651+02:00  INFO 16584 --- [    Test worker] o.apache.catalina.core.StandardService   : Starting service [Tomcat]
?[0m?[0;34m2026-04-29T15:54:33.651+02:00  INFO 16584 --- [    Test worker] o.apache.catalina.core.StandardEngine    : Starting Servlet engine: [Apache Tomcat/10.1.50]
?[0m?[0;34m2026-04-29T15:54:33.766+02:00  INFO 16584 --- [    Test worker] o.a.c.c.C.[Tomcat].[localhost].[/]       : Initializing Spring embedded WebApplicationContext
?[0m?[0;34m2026-04-29T15:54:33.766+02:00  INFO 16584 --- [    Test worker] w.s.c.ServletWebServerApplicationContext : Root WebApplicationContext: initialization completed in 3590 ms
?[0m?[0;34m2026-04-29T15:54:34.417+02:00  INFO 16584 --- [    Test worker] o.hibernate.jpa.internal.util.LogHelper  : HHH000204: Processing PersistenceUnitInfo [name: default]
?[0m?[0;34m2026-04-29T15:54:34.587+02:00  INFO 16584 --- [    Test worker] org.hibernate.Version                    : HHH000412: Hibernate ORM core version 6.6.39.Final
?[0m?[0;34m2026-04-29T15:54:34.683+02:00  INFO 16584 --- [    Test worker] o.h.c.internal.RegionFactoryInitiator    : HHH000026: Second-level cache disabled
?[0m?[0;34m2026-04-29T15:54:35.334+02:00  INFO 16584 --- [    Test worker] o.s.o.j.p.SpringPersistenceUnitInfo      : No LoadTimeWeaver setup: ignoring JPA class transformer
?[0m?[0;34m2026-04-29T15:54:35.404+02:00  INFO 16584 --- [    Test worker] com.zaxxer.hikari.HikariDataSource       : HikariPool-1 - Starting...
?[0m?[0;34m2026-04-29T15:54:35.767+02:00  INFO 16584 --- [    Test worker] com.zaxxer.hikari.pool.HikariPool        : HikariPool-1 - Added connection conn0: url=jdbc:h2:file:../recipes_db user=SA
?[0m?[0;34m2026-04-29T15:54:35.773+02:00  INFO 16584 --- [    Test worker] com.zaxxer.hikari.HikariDataSource       : HikariPool-1 - Start completed.
?[0m?[0;34m2026-04-29T15:54:35.895+02:00  INFO 16584 --- [    Test worker] org.hibernate.orm.connections.pooling    : HHH10001005: Database info:
?[0m?[0;34m	Database JDBC URL [Connecting through datasource 'HikariDataSource (HikariPool-1)']
?[0m?[0;34m	Database driver: undefined/unknown
?[0m?[0;34m	Database version: 2.3.232
?[0m?[0;34m	Autocommit mode: undefined/unknown
?[0m?[0;34m	Isolation level: undefined/unknown
?[0m?[0;34m	Minimum pool size: undefined/unknown
?[0m?[0;34m	Maximum pool size: undefined/unknown
?[0m?[0;34m2026-04-29T15:54:37.706+02:00  INFO 16584 --- [    Test worker] o.h.e.t.j.p.i.JtaPlatformInitiator       : HHH000489: No JTA platform available (set 'hibernate.transaction.jta.platform' to enable JTA platform integration)
?[0m?[0;34m2026-04-29T15:54:37.892+02:00  INFO 16584 --- [    Test worker] j.LocalContainerEntityManagerFactoryBean : Initialized JPA EntityManagerFactory for persistence unit 'default'
?[0m?[0;34m2026-04-29T15:54:39.210+02:00  WARN 16584 --- [    Test worker] JpaBaseConfiguration$JpaWebConfiguration : spring.jpa.open-in-view is enabled by default. Therefore, database queries may be performed during view rendering. Explicitly configure spring.jpa.open-in-view to disable this warning
?[0m?[0;34m2026-04-29T15:54:40.447+02:00  INFO 16584 --- [    Test worker] o.s.b.a.h2.H2ConsoleAutoConfiguration    : H2 console available at '/h2-console'. Database available at 'jdbc:h2:file:../recipes_db'
?[0m?[0;34m2026-04-29T15:54:40.505+02:00  INFO 16584 --- [    Test worker] o.s.b.a.e.web.EndpointLinksResolver      : Exposing 14 endpoints beneath base path '/actuator'
?[0m?[0;34m2026-04-29T15:54:40.678+02:00  INFO 16584 --- [    Test worker] o.s.b.w.embedded.tomcat.TomcatWebServer  : Tomcat started on port 8881 (http) with context path '/'
?[0m?[0;34m2026-04-29T15:54:40.699+02:00  INFO 16584 --- [    Test worker] recipes.RecipesApplication               : Started RecipesApplication in 11.625 seconds (process running for 13.827)
?[0;34m2026-04-29T15:54:41.399+02:00  INFO 16584 --- [nio-8881-exec-2] o.a.c.c.C.[Tomcat].[localhost].[/]       : Initializing Spring DispatcherServlet 'dispatcherServlet'
?[0m?[0;34m2026-04-29T15:54:41.399+02:00  INFO 16584 --- [nio-8881-exec-2] o.s.web.servlet.DispatcherServlet        : Initializing Servlet 'dispatcherServlet'
?[0m?[0;34m2026-04-29T15:54:41.402+02:00  INFO 16584 --- [nio-8881-exec-2] o.s.web.servlet.DispatcherServlet        : Completed initialization in 1 ms
?[0m?[1;31m
Start test 2?[0m
?[1;31m
Start test 3?[0m
?[1;31m
Start test 4?[0m
?[1;31m
Start test 5?[0m
?[0;34m2026-04-29T15:54:42.540+02:00  INFO 16584 --- [       Thread-5] o.s.b.w.e.tomcat.GracefulShutdown        : Commencing graceful shutdown. Waiting for active requests to complete
?[0;34m2026-04-29T15:54:42.552+02:00  INFO 16584 --- [tomcat-shutdown] o.s.b.w.e.tomcat.GracefulShutdown        : Graceful shutdown complete
?[0m?[0;34m2026-04-29T15:54:42.558+02:00  INFO 16584 --- [       Thread-5] j.LocalContainerEntityManagerFactoryBean : Closing JPA EntityManagerFactory for persistence unit 'default'
?[0m?[0;34m2026-04-29T15:54:42.562+02:00  INFO 16584 --- [       Thread-5] com.zaxxer.hikari.HikariDataSource       : HikariPool-1 - Shutdown initiated...
?[0m?[0;34m2026-04-29T15:54:42.600+02:00  INFO 16584 --- [       Thread-5] com.zaxxer.hikari.HikariDataSource       : HikariPool-1 - Shutdown completed.
?[0;34m
?[0m?[0;34m  .   ____          _            __ _ _
?[0m?[0;34m /\\ / ___'_ __ _ _(_)_ __  __ _ \ \ \ \
?[0m?[0;34m( ( )\___ | '_ | '_| | '_ \/ _` | \ \ \ \
?[0m?[0;34m \\/  ___)| |_)| | | | | || (_| |  ) ) ) )
?[0m?[0;34m  '  |____| .__|_| |_|_| |_\__, | / / / /
?[0m?[0;34m =========|_|==============|___/=/_/_/_/
?[0m?[0;34m
?[0m?[0;34m :: Spring Boot ::                (v3.5.9)
?[0m?[0;34m
?[0m?[0;34m2026-04-29T15:54:52.862+02:00  INFO 16584 --- [    Test worker] recipes.RecipesApplication               : Starting RecipesApplication using Java 23.0.2 with PID 16584 (started by 32492 in C:\Users\32492\IdeaProjects\Recipe Management System\Recipe Management System\task)
?[0m?[0;34m2026-04-29T15:54:52.864+02:00  INFO 16584 --- [    Test worker] recipes.RecipesApplication               : No active profile set, falling back to 1 default profile: "default"
?[0m?[0;34m2026-04-29T15:54:53.619+02:00  INFO 16584 --- [    Test worker] .s.d.r.c.RepositoryConfigurationDelegate : Bootstrapping Spring Data JPA repositories in DEFAULT mode.
?[0m?[0;34m2026-04-29T15:54:53.642+02:00  INFO 16584 --- [    Test worker] .s.d.r.c.RepositoryConfigurationDelegate : Finished Spring Data repository scanning in 19 ms. Found 1 JPA repository interface.
?[0m?[0;34m2026-04-29T15:54:53.799+02:00  INFO 16584 --- [    Test worker] o.s.b.w.embedded.tomcat.TomcatWebServer  : Tomcat initialized with port 8881 (http)
?[0m?[0;34m2026-04-29T15:54:53.802+02:00  INFO 16584 --- [    Test worker] o.apache.catalina.core.StandardService   : Starting service [Tomcat]
?[0m?[0;34m2026-04-29T15:54:53.804+02:00  INFO 16584 --- [    Test worker] o.apache.catalina.core.StandardEngine    : Starting Servlet engine: [Apache Tomcat/10.1.50]
?[0m?[0;34m2026-04-29T15:54:53.848+02:00  INFO 16584 --- [    Test worker] o.a.c.c.C.[Tomcat].[localhost].[/]       : Initializing Spring embedded WebApplicationContext
?[0m?[0;34m2026-04-29T15:54:53.848+02:00  INFO 16584 --- [    Test worker] w.s.c.ServletWebServerApplicationContext : Root WebApplicationContext: initialization completed in 979 ms
?[0m?[0;34m2026-04-29T15:54:53.948+02:00  INFO 16584 --- [    Test worker] o.hibernate.jpa.internal.util.LogHelper  : HHH000204: Processing PersistenceUnitInfo [name: default]
?[0m?[0;34m2026-04-29T15:54:53.953+02:00  INFO 16584 --- [    Test worker] o.h.c.internal.RegionFactoryInitiator    : HHH000026: Second-level cache disabled
?[0m?[0;34m2026-04-29T15:54:53.968+02:00  INFO 16584 --- [    Test worker] o.s.o.j.p.SpringPersistenceUnitInfo      : No LoadTimeWeaver setup: ignoring JPA class transformer
?[0m?[0;34m2026-04-29T15:54:53.971+02:00  INFO 16584 --- [    Test worker] com.zaxxer.hikari.HikariDataSource       : HikariPool-2 - Starting...
?[0m?[0;34m2026-04-29T15:54:54.001+02:00  INFO 16584 --- [    Test worker] com.zaxxer.hikari.pool.HikariPool        : HikariPool-2 - Added connection conn10: url=jdbc:h2:file:../recipes_db user=SA
?[0m?[0;34m2026-04-29T15:54:54.002+02:00  INFO 16584 --- [    Test worker] com.zaxxer.hikari.HikariDataSource       : HikariPool-2 - Start completed.
?[0m?[0;34m2026-04-29T15:54:54.005+02:00  INFO 16584 --- [    Test worker] org.hibernate.orm.connections.pooling    : HHH10001005: Database info:
?[0m?[0;34m	Database JDBC URL [Connecting through datasource 'HikariDataSource (HikariPool-2)']
?[0m?[0;34m	Database driver: undefined/unknown
?[0m?[0;34m	Database version: 2.3.232
?[0m?[0;34m	Autocommit mode: undefined/unknown
?[0m?[0;34m	Isolation level: undefined/unknown
?[0m?[0;34m	Minimum pool size: undefined/unknown
?[0m?[0;34m	Maximum pool size: undefined/unknown
?[0m?[0;34m2026-04-29T15:54:54.067+02:00  INFO 16584 --- [    Test worker] o.h.e.t.j.p.i.JtaPlatformInitiator       : HHH000489: No JTA platform available (set 'hibernate.transaction.jta.platform' to enable JTA platform integration)
?[0m?[0;34m2026-04-29T15:54:54.073+02:00  INFO 16584 --- [    Test worker] j.LocalContainerEntityManagerFactoryBean : Initialized JPA EntityManagerFactory for persistence unit 'default'
?[0m?[0;34m2026-04-29T15:54:54.145+02:00  WARN 16584 --- [    Test worker] JpaBaseConfiguration$JpaWebConfiguration : spring.jpa.open-in-view is enabled by default. Therefore, database queries may be performed during view rendering. Explicitly configure spring.jpa.open-in-view to disable this warning
?[0m?[0;34m2026-04-29T15:54:54.414+02:00  INFO 16584 --- [    Test worker] o.s.b.a.h2.H2ConsoleAutoConfiguration    : H2 console available at '/h2-console'. Database available at 'jdbc:h2:file:../recipes_db'
?[0m?[0;34m2026-04-29T15:54:54.457+02:00  INFO 16584 --- [    Test worker] o.s.b.a.e.web.EndpointLinksResolver      : Exposing 14 endpoints beneath base path '/actuator'
?[0m?[0;34m2026-04-29T15:54:54.555+02:00  INFO 16584 --- [    Test worker] o.s.b.w.embedded.tomcat.TomcatWebServer  : Tomcat started on port 8881 (http) with context path '/'
?[0m?[0;34m2026-04-29T15:54:54.571+02:00  INFO 16584 --- [    Test worker] recipes.RecipesApplication               : Started RecipesApplication in 1.76 seconds (process running for 27.699)
?[0m?[1;31m
Start test 6?[0m
?[0;34m2026-04-29T15:54:54.612+02:00  INFO 16584 --- [nio-8881-exec-1] o.a.c.c.C.[Tomcat].[localhost].[/]       : Initializing Spring DispatcherServlet 'dispatcherServlet'
?[0m?[0;34m2026-04-29T15:54:54.613+02:00  INFO 16584 --- [nio-8881-exec-1] o.s.web.servlet.DispatcherServlet        : Initializing Servlet 'dispatcherServlet'
?[0m?[0;34m2026-04-29T15:54:54.615+02:00  INFO 16584 --- [nio-8881-exec-1] o.s.web.servlet.DispatcherServlet        : Completed initialization in 1 ms
?[1;31m
Start test 7?[0m
?[1;31m
Start test 8?[0m
?[1;31m
Start test 9?[0m
?[1;31m
Start test 10?[0m
?[1;31m
Start test 11?[0m
?[1;31m
Start test 12?[0m
?[1;31m
Start test 13?[0m
?[1;31m
Start test 14?[0m
?[1;31m
Start test 15?[0m
?[1;31m
Start test 16?[0m
?[1;31m
Start test 17?[0m
?[1;31m
Start test 18?[0m
?[1;31m
Start test 19?[0m
?[1;31m
Start test 20?[0m
?[1;31m
Start test 21?[0m
?[1;31m
Start test 22?[0m
?[1;31m
Start test 23?[0m
?[1;31m
Start test 24?[0m
?[1;31m
Start test 25?[0m
?[1;31m
Start test 26?[0m
?[1;31m
Start test 27?[0m
?[1;31m
Start test 28?[0m
?[1;31m
Start test 29?[0m
?[1;31m
Start test 30?[0m
?[1;31m
Start test 31?[0m
?[1;31m
Start test 32?[0m
?[1;31m
Start test 33?[0m
?[1;31m
Start test 34?[0m
?[1;31m
Start test 35?[0m
?[0;34m2026-04-29T15:54:55.742+02:00  WARN 16584 --- [nio-8881-exec-7] .w.s.m.s.DefaultHandlerExceptionResolver : Resolved [org.springframework.web.bind.MethodArgumentNotValidException: Validation failed for argument [0] in public org.springframework.http.ResponseEntity<java.util.Map<java.lang.String, java.lang.Long>> recipes.controller.RecipeController.save(recipes.dto.RecipeDTO): [Field error in object 'recipeDTO' on field 'name': rejected value [null]; codes [NotBlank.recipeDTO.name,NotBlank.name,NotBlank.java.lang.String,NotBlank]; arguments [org.springframework.context.support.DefaultMessageSourceResolvable: codes [recipeDTO.name,name]; arguments []; default message [name]]; default message [must not be blank]] ]
?[1;31m
Start test 36?[0m
?[0;34m2026-04-29T15:54:55.781+02:00  WARN 16584 --- [nio-8881-exec-3] .w.s.m.s.DefaultHandlerExceptionResolver : Resolved [org.springframework.web.bind.MethodArgumentNotValidException: Validation failed for argument [0] in public org.springframework.http.ResponseEntity<java.util.Map<java.lang.String, java.lang.Long>> recipes.controller.RecipeController.save(recipes.dto.RecipeDTO): [Field error in object 'recipeDTO' on field 'category': rejected value [null]; codes [NotBlank.recipeDTO.category,NotBlank.category,NotBlank.java.lang.String,NotBlank]; arguments [org.springframework.context.support.DefaultMessageSourceResolvable: codes [recipeDTO.category,category]; arguments []; default message [category]]; default message [must not be blank]] ]
?[1;31m
Start test 37?[0m
?[0;34m2026-04-29T15:54:55.798+02:00  WARN 16584 --- [nio-8881-exec-6] .w.s.m.s.DefaultHandlerExceptionResolver : Resolved [org.springframework.web.bind.MethodArgumentNotValidException: Validation failed for argument [0] in public org.springframework.http.ResponseEntity<java.util.Map<java.lang.String, java.lang.Long>> recipes.controller.RecipeController.save(recipes.dto.RecipeDTO): [Field error in object 'recipeDTO' on field 'description': rejected value [null]; codes [NotBlank.recipeDTO.description,NotBlank.description,NotBlank.java.lang.String,NotBlank]; arguments [org.springframework.context.support.DefaultMessageSourceResolvable: codes [recipeDTO.description,description]; arguments []; default message [description]]; default message [must not be blank]] ]
?[1;31m
Start test 38?[0m
?[0;34m2026-04-29T15:54:55.826+02:00  WARN 16584 --- [nio-8881-exec-9] .w.s.m.s.DefaultHandlerExceptionResolver : Resolved [org.springframework.web.bind.MethodArgumentNotValidException: Validation failed for argument [0] in public org.springframework.http.ResponseEntity<java.util.Map<java.lang.String, java.lang.Long>> recipes.controller.RecipeController.save(recipes.dto.RecipeDTO): [Field error in object 'recipeDTO' on field 'ingredients': rejected value [null]; codes [NotNull.recipeDTO.ingredients,NotNull.ingredients,NotNull.java.util.List,NotNull]; arguments [org.springframework.context.support.DefaultMessageSourceResolvable: codes [recipeDTO.ingredients,ingredients]; arguments []; default message [ingredients]]; default message [must not be null]] ]
?[1;31m
Start test 39?[0m
?[0;34m2026-04-29T15:54:55.842+02:00  WARN 16584 --- [io-8881-exec-12] .w.s.m.s.DefaultHandlerExceptionResolver : Resolved [org.springframework.web.bind.MethodArgumentNotValidException: Validation failed for argument [0] in public org.springframework.http.ResponseEntity<java.util.Map<java.lang.String, java.lang.Long>> recipes.controller.RecipeController.save(recipes.dto.RecipeDTO): [Field error in object 'recipeDTO' on field 'directions': rejected value [null]; codes [NotNull.recipeDTO.directions,NotNull.directions,NotNull.java.util.List,NotNull]; arguments [org.springframework.context.support.DefaultMessageSourceResolvable: codes [recipeDTO.directions,directions]; arguments []; default message [directions]]; default message [must not be null]] ]
?[1;31m
Start test 40?[0m
?[0;34m2026-04-29T15:54:55.859+02:00  WARN 16584 --- [nio-8881-exec-2] .w.s.m.s.DefaultHandlerExceptionResolver : Resolved [org.springframework.web.bind.MethodArgumentNotValidException: Validation failed for argument [0] in public org.springframework.http.ResponseEntity<java.util.Map<java.lang.String, java.lang.Long>> recipes.controller.RecipeController.save(recipes.dto.RecipeDTO): [Field error in object 'recipeDTO' on field 'name': rejected value [  ]; codes [NotBlank.recipeDTO.name,NotBlank.name,NotBlank.java.lang.String,NotBlank]; arguments [org.springframework.context.support.DefaultMessageSourceResolvable: codes [recipeDTO.name,name]; arguments []; default message [name]]; default message [must not be blank]] ]
?[1;31m
Start test 41?[0m
?[0;34m2026-04-29T15:54:55.873+02:00  WARN 16584 --- [nio-8881-exec-8] .w.s.m.s.DefaultHandlerExceptionResolver : Resolved [org.springframework.web.bind.MethodArgumentNotValidException: Validation failed for argument [0] in public org.springframework.http.ResponseEntity<java.util.Map<java.lang.String, java.lang.Long>> recipes.controller.RecipeController.save(recipes.dto.RecipeDTO): [Field error in object 'recipeDTO' on field 'category': rejected value [  ]; codes [NotBlank.recipeDTO.category,NotBlank.category,NotBlank.java.lang.String,NotBlank]; arguments [org.springframework.context.support.DefaultMessageSourceResolvable: codes [recipeDTO.category,category]; arguments []; default message [category]]; default message [must not be blank]] ]
?[1;31m
Start test 42?[0m
?[0m?[0;34m2026-04-29T15:54:55.890+02:00  WARN 16584 --- [nio-8881-exec-7] .w.s.m.s.DefaultHandlerExceptionResolver : Resolved [org.springframework.web.bind.MethodArgumentNotValidException: Validation failed for argument [0] in public org.springframework.http.ResponseEntity<java.util.Map<java.lang.String, java.lang.Long>> recipes.controller.RecipeController.save(recipes.dto.RecipeDTO): [Field error in object 'recipeDTO' on field 'description': rejected value [  ]; codes [NotBlank.recipeDTO.description,NotBlank.description,NotBlank.java.lang.String,NotBlank]; arguments [org.springframework.context.support.DefaultMessageSourceResolvable: codes [recipeDTO.description,description]; arguments []; default message [description]]; default message [must not be blank]] ]
?[1;31m
Start test 43?[0m
?[0m?[0;34m2026-04-29T15:54:55.910+02:00  WARN 16584 --- [nio-8881-exec-1] .w.s.m.s.DefaultHandlerExceptionResolver : Resolved [org.springframework.web.bind.MethodArgumentNotValidException: Validation failed for argument [0] in public org.springframework.http.ResponseEntity<java.util.Map<java.lang.String, java.lang.Long>> recipes.controller.RecipeController.save(recipes.dto.RecipeDTO): [Field error in object 'recipeDTO' on field 'ingredients': rejected value [[]]; codes [Size.recipeDTO.ingredients,Size.ingredients,Size.java.util.List,Size]; arguments [org.springframework.context.support.DefaultMessageSourceResolvable: codes [recipeDTO.ingredients,ingredients]; arguments []; default message [ingredients],2147483647,1]; default message [size must be between 1 and 2147483647]] ]
?[1;31m
Start test 44?[0m
?[0;34m2026-04-29T15:54:55.926+02:00  WARN 16584 --- [io-8881-exec-11] .w.s.m.s.DefaultHandlerExceptionResolver : Resolved [org.springframework.web.bind.MethodArgumentNotValidException: Validation failed for argument [0] in public org.springframework.http.ResponseEntity<java.util.Map<java.lang.String, java.lang.Long>> recipes.controller.RecipeController.save(recipes.dto.RecipeDTO): [Field error in object 'recipeDTO' on field 'directions': rejected value [[]]; codes [Size.recipeDTO.directions,Size.directions,Size.java.util.List,Size]; arguments [org.springframework.context.support.DefaultMessageSourceResolvable: codes [recipeDTO.directions,directions]; arguments []; default message [directions],2147483647,1]; default message [size must be between 1 and 2147483647]] ]
?[1;31m
Start test 45?[0m
?[0;34m2026-04-29T15:54:55.940+02:00  WARN 16584 --- [io-8881-exec-18] .w.s.m.s.DefaultHandlerExceptionResolver : Resolved [org.springframework.web.bind.MethodArgumentNotValidException: Validation failed for argument [1] in public org.springframework.http.ResponseEntity<java.lang.Void> recipes.controller.RecipeController.update(java.lang.Long,recipes.dto.RecipeDTO): [Field error in object 'recipeDTO' on field 'name': rejected value [null]; codes [NotBlank.recipeDTO.name,NotBlank.name,NotBlank.java.lang.String,NotBlank]; arguments [org.springframework.context.support.DefaultMessageSourceResolvable: codes [recipeDTO.name,name]; arguments []; default message [name]]; default message [must not be blank]] ]
?[1;31m
Start test 46?[0m
?[0;34m2026-04-29T15:54:55.957+02:00  WARN 16584 --- [io-8881-exec-13] .w.s.m.s.DefaultHandlerExceptionResolver : Resolved [org.springframework.web.bind.MethodArgumentNotValidException: Validation failed for argument [1] in public org.springframework.http.ResponseEntity<java.lang.Void> recipes.controller.RecipeController.update(java.lang.Long,recipes.dto.RecipeDTO): [Field error in object 'recipeDTO' on field 'category': rejected value [null]; codes [NotBlank.recipeDTO.category,NotBlank.category,NotBlank.java.lang.String,NotBlank]; arguments [org.springframework.context.support.DefaultMessageSourceResolvable: codes [recipeDTO.category,category]; arguments []; default message [category]]; default message [must not be blank]] ]
?[1;31m
Start test 47?[0m
?[0;34m2026-04-29T15:54:55.975+02:00  WARN 16584 --- [nio-8881-exec-4] .w.s.m.s.DefaultHandlerExceptionResolver : Resolved [org.springframework.web.bind.MethodArgumentNotValidException: Validation failed for argument [1] in public org.springframework.http.ResponseEntity<java.lang.Void> recipes.controller.RecipeController.update(java.lang.Long,recipes.dto.RecipeDTO): [Field error in object 'recipeDTO' on field 'description': rejected value [null]; codes [NotBlank.recipeDTO.description,NotBlank.description,NotBlank.java.lang.String,NotBlank]; arguments [org.springframework.context.support.DefaultMessageSourceResolvable: codes [recipeDTO.description,description]; arguments []; default message [description]]; default message [must not be blank]] ]
?[1;31m
Start test 48?[0m
?[0;34m2026-04-29T15:54:55.990+02:00  WARN 16584 --- [io-8881-exec-17] .w.s.m.s.DefaultHandlerExceptionResolver : Resolved [org.springframework.web.bind.MethodArgumentNotValidException: Validation failed for argument [1] in public org.springframework.http.ResponseEntity<java.lang.Void> recipes.controller.RecipeController.update(java.lang.Long,recipes.dto.RecipeDTO): [Field error in object 'recipeDTO' on field 'ingredients': rejected value [null]; codes [NotNull.recipeDTO.ingredients,NotNull.ingredients,NotNull.java.util.List,NotNull]; arguments [org.springframework.context.support.DefaultMessageSourceResolvable: codes [recipeDTO.ingredients,ingredients]; arguments []; default message [ingredients]]; default message [must not be null]] ]
?[1;31m
Start test 49?[0m
?[0;34m2026-04-29T15:54:56.005+02:00  WARN 16584 --- [io-8881-exec-10] .w.s.m.s.DefaultHandlerExceptionResolver : Resolved [org.springframework.web.bind.MethodArgumentNotValidException: Validation failed for argument [1] in public org.springframework.http.ResponseEntity<java.lang.Void> recipes.controller.RecipeController.update(java.lang.Long,recipes.dto.RecipeDTO): [Field error in object 'recipeDTO' on field 'directions': rejected value [null]; codes [NotNull.recipeDTO.directions,NotNull.directions,NotNull.java.util.List,NotNull]; arguments [org.springframework.context.support.DefaultMessageSourceResolvable: codes [recipeDTO.directions,directions]; arguments []; default message [directions]]; default message [must not be null]] ]
?[1;31m
Start test 50?[0m
?[0;34m2026-04-29T15:54:56.018+02:00  WARN 16584 --- [nio-8881-exec-5] .w.s.m.s.DefaultHandlerExceptionResolver : Resolved [org.springframework.web.bind.MethodArgumentNotValidException: Validation failed for argument [1] in public org.springframework.http.ResponseEntity<java.lang.Void> recipes.controller.RecipeController.update(java.lang.Long,recipes.dto.RecipeDTO): [Field error in object 'recipeDTO' on field 'name': rejected value [  ]; codes [NotBlank.recipeDTO.name,NotBlank.name,NotBlank.java.lang.String,NotBlank]; arguments [org.springframework.context.support.DefaultMessageSourceResolvable: codes [recipeDTO.name,name]; arguments []; default message [name]]; default message [must not be blank]] ]
?[1;31m
Start test 51?[0m
?[0;34m2026-04-29T15:54:56.034+02:00  WARN 16584 --- [io-8881-exec-16] .w.s.m.s.DefaultHandlerExceptionResolver : Resolved [org.springframework.web.bind.MethodArgumentNotValidException: Validation failed for argument [1] in public org.springframework.http.ResponseEntity<java.lang.Void> recipes.controller.RecipeController.update(java.lang.Long,recipes.dto.RecipeDTO): [Field error in object 'recipeDTO' on field 'category': rejected value [  ]; codes [NotBlank.recipeDTO.category,NotBlank.category,NotBlank.java.lang.String,NotBlank]; arguments [org.springframework.context.support.DefaultMessageSourceResolvable: codes [recipeDTO.category,category]; arguments []; default message [category]]; default message [must not be blank]] ]
?[1;31m
Start test 52?[0m
?[0;34m2026-04-29T15:54:56.057+02:00  WARN 16584 --- [io-8881-exec-14] .w.s.m.s.DefaultHandlerExceptionResolver : Resolved [org.springframework.web.bind.MethodArgumentNotValidException: Validation failed for argument [1] in public org.springframework.http.ResponseEntity<java.lang.Void> recipes.controller.RecipeController.update(java.lang.Long,recipes.dto.RecipeDTO): [Field error in object 'recipeDTO' on field 'description': rejected value [  ]; codes [NotBlank.recipeDTO.description,NotBlank.description,NotBlank.java.lang.String,NotBlank]; arguments [org.springframework.context.support.DefaultMessageSourceResolvable: codes [recipeDTO.description,description]; arguments []; default message [description]]; default message [must not be blank]] ]
?[1;31m
Start test 53?[0m
?[0;34m2026-04-29T15:54:56.075+02:00  WARN 16584 --- [io-8881-exec-19] .w.s.m.s.DefaultHandlerExceptionResolver : Resolved [org.springframework.web.bind.MethodArgumentNotValidException: Validation failed for argument [1] in public org.springframework.http.ResponseEntity<java.lang.Void> recipes.controller.RecipeController.update(java.lang.Long,recipes.dto.RecipeDTO): [Field error in object 'recipeDTO' on field 'ingredients': rejected value [[]]; codes [Size.recipeDTO.ingredients,Size.ingredients,Size.java.util.List,Size]; arguments [org.springframework.context.support.DefaultMessageSourceResolvable: codes [recipeDTO.ingredients,ingredients]; arguments []; default message [ingredients],2147483647,1]; default message [size must be between 1 and 2147483647]] ]
?[1;31m
Start test 54?[0m
?[0;34m2026-04-29T15:54:56.092+02:00  WARN 16584 --- [io-8881-exec-15] .w.s.m.s.DefaultHandlerExceptionResolver : Resolved [org.springframework.web.bind.MethodArgumentNotValidException: Validation failed for argument [1] in public org.springframework.http.ResponseEntity<java.lang.Void> recipes.controller.RecipeController.update(java.lang.Long,recipes.dto.RecipeDTO): [Field error in object 'recipeDTO' on field 'directions': rejected value [[]]; codes [Size.recipeDTO.directions,Size.directions,Size.java.util.List,Size]; arguments [org.springframework.context.support.DefaultMessageSourceResolvable: codes [recipeDTO.directions,directions]; arguments []; default message [directions],2147483647,1]; default message [size must be between 1 and 2147483647]] ]
]]></system-out>
  <system-err><![CDATA[]]></system-err>
</testsuite>
